hunter@hunter-jeston:~/Downloads/NVDA-jetson-demo-main/Answer3$ python3 lab4_data_loader.py 
hunter@hunter-jeston:~/Downloads/NVDA-jetson-demo-main/Answer3$ polygraphy convert yolov8n.onnx --int8 \
        --data-loader-script ./data_loader.py \
        --calibration-cache yolov8n_calib.cache \
        -o yolov8n_int8.engine
[W] 'colored' module is not installed, will not use colors when logging. To enable colors, please install the 'colored' module: python3 -m pip install colored
[!] Could not import symbol: load_data from script: ./data_loader.py
    Note: Error was: No module named 'data_loader'
Traceback (most recent call last):
  File "/home/hunter/.local/lib/python3.10/site-packages/polygraphy/mod/importer.py", line 377, in import_from_script
    G_LOGGER.critical(err_msg)
  File "/home/hunter/.local/lib/python3.10/site-packages/polygraphy/logger/logger.py", line 641, in critical
    raise ExceptionType(message) from None
polygraphy.exception.exception.PolygraphyException: Could not import symbol: load_data from script: ./data_loader.py
Note: Error was: No module named 'data_loader'

During handling of the above exception, another exception occurred:

Traceback (most recent call last):
  File "/home/hunter/.local/bin/polygraphy", line 6, in <module>
    sys.exit(main())
  File "/home/hunter/.local/lib/python3.10/site-packages/polygraphy/tools/_main.py", line 73, in main
    status = selected_tool.run(args)
  File "/home/hunter/.local/lib/python3.10/site-packages/polygraphy/tools/base/tool.py", line 179, in run
    status = self.run_impl(args)
  File "/home/hunter/.local/lib/python3.10/site-packages/polygraphy/tools/convert/convert.py", line 106, in run_impl
    ].load_engine_bytes() as serialized_engine:
  File "/home/hunter/.local/lib/python3.10/site-packages/polygraphy/tools/args/backend/trt/loader.py", line 724, in load_engine_bytes
    loader = args_util.run_script(self.add_to_script, network)
  File "/home/hunter/.local/lib/python3.10/site-packages/polygraphy/tools/args/util/util.py", line 89, in run_script
    exec(str(script), globals(), locals())
  File "<string>", line 11, in <module>
  File "/home/hunter/.local/lib/python3.10/site-packages/polygraphy/mod/importer.py", line 359, in import_from_script
    with contextlib.ExitStack() as stack:
  File "/usr/lib/python3.10/contextlib.py", line 576, in __exit__
    raise exc_details[1]
  File "/usr/lib/python3.10/contextlib.py", line 561, in __exit__
    if cb(*exc_details):
  File "/usr/lib/python3.10/contextlib.py", line 449, in _exit_wrapper
    callback(*args, **kwds)
  File "/home/hunter/.local/lib/python3.10/site-packages/polygraphy/mod/importer.py", line 363, in reset_sys_path
    del sys.modules[modname]
KeyError: 'data_loader'
